<?xml version="1.0" encoding="UTF-8"?>
<!-- Generated by org.testng.reporters.JUnitXMLReporter -->
<testsuite ignored="0" hostname="Simona" failures="0" tests="8" name="Default test" time="26.569" errors="0" timestamp="2024-05-10T16:53:42 EEST">
  <testcase classname="curs19.SeleniumLocators" name="tagNameLocator" time="0.145"/>
  <testcase classname="curs19.SeleniumLocators" name="linkTextLocator" time="1.37"/>
  <testcase classname="curs19.SeleniumLocators" name="partialLinkTextLocator" time="2.035"/>
  <testcase classname="curs19.SeleniumLocators" name="classNameLocator" time="0.112"/>
  <testcase classname="curs19.SeleniumLocators" name="idLocator" time="0.723"/>
  <testcase classname="curs19.SeleniumLocators" name="nameLocator" time="3.556"/>
  <testcase classname="curs19.SeleniumLocators" name="cssSelectorLocator" time="0.133"/>
  <testcase classname="curs19.SeleniumLocators" name="xpathLocator" time="0.242"/>
</testsuite> <!-- Default test -->
